 M dashboard/dashboard.py
 M dashboard/infra_control/infra_audit.py
 M dashboard/system_health.py
 M infra_snapshots/latest.md
?? Dockerfile.dashboard
?? dashboard/dashboard_prod.py
?? dashboard/infra_control/auto_healer_panel.py
?? health_monitor/auto_scheduler.py
?? infra_snapshots/20251028T203701Z/
?? infra_snapshots/20251028T204232Z/
?? infra_snapshots/20251028T205550Z.tar.gz
?? infra_snapshots/20251028T205550Z/
?? infra_snapshots/20251028T205914Z.tar.gz
?? infra_snapshots/20251028T205914Z/
?? infra_snapshots/20251028T210220Z.tar.gz
?? infra_snapshots/20251028T210220Z/
?? infra_snapshots/20251028T210226Z/
?? policy-autohealer.json
?? policy-latency.json
?? policy-uptime.json
?? tools/daily_digest.sh
