[
  {
    "createTime": "2025-10-02T22:54:14.194805Z",
    "etag": "\"164034dd3bd97c\"",
    "name": "projects/422255208682/secrets/AD_NUM",
    "replication": {
      "automatic": {}
    }
  },
  {
    "createTime": "2025-09-27T01:28:24.995849Z",
    "etag": "\"163fbe51971c68\"",
    "name": "projects/422255208682/secrets/API_KEY",
    "replication": {
      "automatic": {}
    }
  },
  {
    "createTime": "2025-10-03T21:32:41.847856Z",
    "etag": "\"164047d779b43a\"",
    "name": "projects/422255208682/secrets/BUSINESS_ID",
    "replication": {
      "automatic": {}
    }
  },
  {
    "createTime": "2025-10-02T22:54:17.496468Z",
    "etag": "\"164034dd6e5bd8\"",
    "name": "projects/422255208682/secrets/IMG_ID",
    "replication": {
      "automatic": {}
    }
  },
  {
    "createTime": "2025-10-21T21:55:48.869669Z",
    "etag": "\"1641b243478d70\"",
    "name": "projects/422255208682/secrets/META_ACCESS_TOKEN",
    "replication": {
      "automatic": {}
    }
  },
  {
    "createTime": "2025-09-27T00:37:34.230537Z",
    "etag": "\"163fbd9bbf5d51\"",
    "name": "projects/422255208682/secrets/META_TOKEN",
    "replication": {
      "automatic": {}
    }
  },
  {
    "createTime": "2025-10-16T16:55:26.659189Z",
    "etag": "\"1641497bdf98e7\"",
    "name": "projects/422255208682/secrets/META_WHATSAPP_TOKEN",
    "replication": {
      "automatic": {}
    }
  },
  {
    "createTime": "2025-10-20T19:03:23.182199Z",
    "etag": "\"16419bbcccc6e5\"",
    "name": "projects/422255208682/secrets/NATACHA_TOKEN",
    "replication": {
      "automatic": {}
    }
  },
  {
    "createTime": "2025-10-15T21:53:09.250158Z",
    "etag": "\"16413986bac39c\"",
    "name": "projects/422255208682/secrets/NOTION_TOKEN",
    "replication": {
      "automatic": {}
    }
  },
  {
    "createTime": "2025-10-02T22:54:15.262520Z",
    "etag": "\"164034dd4c3f16\"",
    "name": "projects/422255208682/secrets/PAGE_ID",
    "replication": {
      "automatic": {}
    }
  },
  {
    "createTime": "2025-09-27T18:41:11.939171Z",
    "etag": "\"163fccbf1d9338\"",
    "name": "projects/422255208682/secrets/PAGE_TOKEN",
    "replication": {
      "automatic": {}
    }
  },
  {
    "createTime": "2025-10-14T19:02:55.785580Z",
    "etag": "\"164123081c9124\"",
    "name": "projects/422255208682/secrets/PHONE_NUMBER_ID",
    "replication": {
      "automatic": {}
    }
  },
  {
    "createTime": "2025-10-25T18:00:35.973698Z",
    "etag": "\"1641ff718a91c7\"",
    "name": "projects/422255208682/secrets/SERVICE_ACCOUNT_KEY",
    "replication": {
      "automatic": {}
    }
  },
  {
    "createTime": "2025-09-27T01:38:02.538446Z",
    "etag": "\"163fbe7402f32b\"",
    "name": "projects/422255208682/secrets/SLACK_WEBHOOK",
    "replication": {
      "automatic": {}
    }
  },
  {
    "createTime": "2025-10-02T22:54:16.288668Z",
    "etag": "\"164034dd5f037c\"",
    "name": "projects/422255208682/secrets/WABA",
    "replication": {
      "automatic": {}
    }
  }
]
